<?xml version="1.0" encoding="UTF-8"?>
<!-- Generated by org.testng.reporters.JUnitXMLReporter -->
<testsuite ignored="0" hostname="DESKTOP-01UCJLJ" failures="0" tests="3" name="Default test" time="26.937" errors="0" timestamp="2025-08-29T14:35:26 IST">
  <testcase classname="com.orangehrm.tests.Login_orangehrm" name="verifylogin" time="6.685"/>
  <testcase classname="com.orangehrm.tests.Login_orangehrm" name="verifylogin" time="7.281"/>
  <testcase classname="com.orangehrm.tests.Login_orangehrm" name="verifylogin" time="6.883"/>
</testsuite> <!-- Default test -->
