<?xml version="1.0" encoding="UTF-8"?>
<!-- Generated by org.testng.reporters.JUnitXMLReporter -->
<testsuite ignored="0" hostname="DESKTOP-01UCJLJ" failures="0" tests="4" name="Testinglab_8" time="18.153" errors="0" timestamp="2025-08-26T12:08:16 IST">
  <testcase classname="Pac1.Testng_lab3" name="f" time="2.465"/>
  <testcase classname="Pac1.Testng_lab3" name="f" time="2.967"/>
  <testcase classname="Pac1.Testng_lab4" name="f" time="4.419"/>
  <testcase classname="Pac1.Testng_lab4" name="f" time="2.912"/>
</testsuite> <!-- Testinglab_8 -->
