<?xml version="1.0" encoding="UTF-8"?>
<!-- Generated by org.testng.reporters.JUnitXMLReporter -->
<testsuite ignored="3" hostname="DESKTOP-01UCJLJ" failures="0" tests="2" name="Test" time="0.073" errors="0" timestamp="2025-08-26T15:29:49 IST">
  <testcase classname="Pac1.grouptesting" name="test3" time="0.012"/>
  <testcase classname="Pac1.grouptesting" name="test2" time="0.003"/>
  <testcase classname="Pac1.grouptesting" name="test1" time="0.0">
    <ignored/>
  </testcase> <!-- test1 -->
  <testcase classname="Pac1.grouptesting" name="test4" time="0.0">
    <ignored/>
  </testcase> <!-- test4 -->
  <testcase classname="Pac1.grouptesting" name="f" time="0.0">
    <ignored/>
  </testcase> <!-- f -->
</testsuite> <!-- Test -->
