<?xml version="1.0" encoding="UTF-8"?>
<testng-results ignored="0" total="3" passed="3" failed="0" skipped="0">
  <reporter-output>
  </reporter-output>
  <suite started-at="2025-08-29T14:34:59 IST" name="Default suite" finished-at="2025-08-29T14:35:26 IST" duration-ms="26937">
    <groups>
    </groups>
    <test started-at="2025-08-29T14:34:59 IST" name="Default test" finished-at="2025-08-29T14:35:26 IST" duration-ms="26937">
      <class name="com.orangehrm.tests.Login_orangehrm">
        <test-method is-config="true" signature="setupreport()[pri:0, instance:com.orangehrm.tests.Login_orangehrm@2002fc1d]" started-at="2025-08-29T14:34:59 IST" name="setupreport" finished-at="2025-08-29T14:34:59 IST" duration-ms="190" status="PASS">
          <reporter-output>
          </reporter-output>
        </test-method> <!-- setupreport -->
        <test-method is-config="true" signature="setup()[pri:0, instance:com.orangehrm.tests.Login_orangehrm@2002fc1d]" started-at="2025-08-29T14:35:00 IST" name="setup" finished-at="2025-08-29T14:35:02 IST" duration-ms="1925" status="PASS">
          <reporter-output>
          </reporter-output>
        </test-method> <!-- setup -->
        <test-method signature="verifylogin(java.lang.String,java.lang.String)[pri:0, instance:com.orangehrm.tests.Login_orangehrm@2002fc1d]" started-at="2025-08-29T14:35:02 IST" name="verifylogin" data-provider="logindata" finished-at="2025-08-29T14:35:08 IST" duration-ms="6685" status="PASS">
          <params>
            <param index="0">
              <value>
                <![CDATA[admin]]>
              </value>
            </param>
            <param index="1">
              <value>
                <![CDATA[admin123]]>
              </value>
            </param>
          </params>
          <reporter-output>
          </reporter-output>
        </test-method> <!-- verifylogin -->
        <test-method is-config="true" signature="teardown()[pri:0, instance:com.orangehrm.tests.Login_orangehrm@2002fc1d]" started-at="2025-08-29T14:35:08 IST" name="teardown" finished-at="2025-08-29T14:35:09 IST" duration-ms="364" status="PASS">
          <reporter-output>
          </reporter-output>
        </test-method> <!-- teardown -->
        <test-method is-config="true" signature="setup()[pri:0, instance:com.orangehrm.tests.Login_orangehrm@2002fc1d]" started-at="2025-08-29T14:35:09 IST" name="setup" finished-at="2025-08-29T14:35:10 IST" duration-ms="1190" status="PASS">
          <reporter-output>
          </reporter-output>
        </test-method> <!-- setup -->
        <test-method signature="verifylogin(java.lang.String,java.lang.String)[pri:0, instance:com.orangehrm.tests.Login_orangehrm@2002fc1d]" started-at="2025-08-29T14:35:10 IST" name="verifylogin" data-provider="logindata" finished-at="2025-08-29T14:35:17 IST" duration-ms="7281" status="PASS">
          <params>
            <param index="0">
              <value>
                <![CDATA[admin]]>
              </value>
            </param>
            <param index="1">
              <value>
                <![CDATA[admin123]]>
              </value>
            </param>
          </params>
          <reporter-output>
          </reporter-output>
        </test-method> <!-- verifylogin -->
        <test-method is-config="true" signature="teardown()[pri:0, instance:com.orangehrm.tests.Login_orangehrm@2002fc1d]" started-at="2025-08-29T14:35:17 IST" name="teardown" finished-at="2025-08-29T14:35:17 IST" duration-ms="282" status="PASS">
          <reporter-output>
          </reporter-output>
        </test-method> <!-- teardown -->
        <test-method is-config="true" signature="setup()[pri:0, instance:com.orangehrm.tests.Login_orangehrm@2002fc1d]" started-at="2025-08-29T14:35:17 IST" name="setup" finished-at="2025-08-29T14:35:19 IST" duration-ms="1203" status="PASS">
          <reporter-output>
          </reporter-output>
        </test-method> <!-- setup -->
        <test-method signature="verifylogin(java.lang.String,java.lang.String)[pri:0, instance:com.orangehrm.tests.Login_orangehrm@2002fc1d]" started-at="2025-08-29T14:35:19 IST" name="verifylogin" data-provider="logindata" finished-at="2025-08-29T14:35:25 IST" duration-ms="6883" status="PASS">
          <params>
            <param index="0">
              <value>
                <![CDATA[admin]]>
              </value>
            </param>
            <param index="1">
              <value>
                <![CDATA[admin123]]>
              </value>
            </param>
          </params>
          <reporter-output>
          </reporter-output>
        </test-method> <!-- verifylogin -->
        <test-method is-config="true" signature="teardown()[pri:0, instance:com.orangehrm.tests.Login_orangehrm@2002fc1d]" started-at="2025-08-29T14:35:25 IST" name="teardown" finished-at="2025-08-29T14:35:26 IST" duration-ms="331" status="PASS">
          <reporter-output>
          </reporter-output>
        </test-method> <!-- teardown -->
        <test-method is-config="true" signature="flushreport()[pri:0, instance:com.orangehrm.tests.Login_orangehrm@2002fc1d]" started-at="2025-08-29T14:35:26 IST" name="flushreport" finished-at="2025-08-29T14:35:26 IST" duration-ms="199" status="PASS">
          <reporter-output>
          </reporter-output>
        </test-method> <!-- flushreport -->
      </class> <!-- com.orangehrm.tests.Login_orangehrm -->
    </test> <!-- Default test -->
  </suite> <!-- Default suite -->
</testng-results>
