<?xml version="1.0" encoding="UTF-8"?>
<testng-results ignored="0" total="1" passed="1" failed="0" skipped="0">
  <reporter-output>
    <line>
      <![CDATA[Opened URL in Chrome]]>
    </line>
    <line>
      <![CDATA[Navigated to Mac section]]>
    </line>
    <line>
      <![CDATA[Selected sort: Name (A-Z)]]>
    </line>
    <line>
      <![CDATA[Clicked Add to Cart for Mac]]>
    </line>
    <line>
      <![CDATA[Success message: Success: You have added iMac to your shopping cart!
×]]>
    </line>
    <line>
      <![CDATA[Closed browser]]>
    </line>
  </reporter-output>
  <suite started-at="2025-08-26T12:32:22 IST" name="Default suite" finished-at="2025-08-26T12:32:33 IST" duration-ms="11447">
    <groups>
    </groups>
    <test started-at="2025-08-26T12:32:22 IST" name="Default test" finished-at="2025-08-26T12:32:33 IST" duration-ms="11447">
      <class name="Pac1.Testng_lab3">
        <test-method is-config="true" signature="beforeSuite()[pri:0, instance:Pac1.Testng_lab3@3bd82cf5]" started-at="2025-08-26T12:32:22 IST" name="beforeSuite" finished-at="2025-08-26T12:32:22 IST" duration-ms="10" status="PASS">
          <reporter-output>
          </reporter-output>
        </test-method> <!-- beforeSuite -->
        <test-method is-config="true" signature="beforeTest()[pri:0, instance:Pac1.Testng_lab3@3bd82cf5]" started-at="2025-08-26T12:32:22 IST" name="beforeTest" finished-at="2025-08-26T12:32:22 IST" duration-ms="1" status="PASS">
          <reporter-output>
          </reporter-output>
        </test-method> <!-- beforeTest -->
        <test-method is-config="true" signature="beforeClass()[pri:0, instance:Pac1.Testng_lab3@3bd82cf5]" started-at="2025-08-26T12:32:22 IST" name="beforeClass" finished-at="2025-08-26T12:32:22 IST" duration-ms="1" status="PASS">
          <reporter-output>
          </reporter-output>
        </test-method> <!-- beforeClass -->
        <test-method is-config="true" signature="beforeMethod()[pri:0, instance:Pac1.Testng_lab3@3bd82cf5]" started-at="2025-08-26T12:32:22 IST" name="beforeMethod" finished-at="2025-08-26T12:32:30 IST" duration-ms="8274" status="PASS">
          <reporter-output>
          </reporter-output>
        </test-method> <!-- beforeMethod -->
        <test-method signature="f(java.lang.Integer,java.lang.String)[pri:0, instance:Pac1.Testng_lab3@3bd82cf5]" started-at="2025-08-26T12:32:30 IST" name="f" data-provider="dp" finished-at="2025-08-26T12:32:33 IST" duration-ms="2774" status="PASS">
          <params>
            <param index="0">
              <value>
                <![CDATA[1]]>
              </value>
            </param>
            <param index="1">
              <value>
                <![CDATA[a]]>
              </value>
            </param>
          </params>
          <reporter-output>
            <line>
              <![CDATA[Opened URL in Chrome]]>
            </line>
            <line>
              <![CDATA[Navigated to Mac section]]>
            </line>
            <line>
              <![CDATA[Selected sort: Name (A-Z)]]>
            </line>
            <line>
              <![CDATA[Clicked Add to Cart for Mac]]>
            </line>
            <line>
              <![CDATA[Success message: Success: You have added iMac to your shopping cart!
×]]>
            </line>
          </reporter-output>
        </test-method> <!-- f -->
        <test-method is-config="true" signature="afterMethod()[pri:0, instance:Pac1.Testng_lab3@3bd82cf5]" started-at="2025-08-26T12:32:33 IST" name="afterMethod" finished-at="2025-08-26T12:32:33 IST" duration-ms="355" status="PASS">
          <reporter-output>
            <line>
              <![CDATA[Closed browser]]>
            </line>
          </reporter-output>
        </test-method> <!-- afterMethod -->
        <test-method is-config="true" signature="afterClass()[pri:0, instance:Pac1.Testng_lab3@3bd82cf5]" started-at="2025-08-26T12:32:33 IST" name="afterClass" finished-at="2025-08-26T12:32:33 IST" duration-ms="2" status="PASS">
          <reporter-output>
          </reporter-output>
        </test-method> <!-- afterClass -->
        <test-method is-config="true" signature="afterTest()[pri:0, instance:Pac1.Testng_lab3@3bd82cf5]" started-at="2025-08-26T12:32:33 IST" name="afterTest" finished-at="2025-08-26T12:32:33 IST" duration-ms="1" status="PASS">
          <reporter-output>
          </reporter-output>
        </test-method> <!-- afterTest -->
        <test-method is-config="true" signature="afterSuite()[pri:0, instance:Pac1.Testng_lab3@3bd82cf5]" started-at="2025-08-26T12:32:33 IST" name="afterSuite" finished-at="2025-08-26T12:32:33 IST" duration-ms="0" status="PASS">
          <reporter-output>
          </reporter-output>
        </test-method> <!-- afterSuite -->
      </class> <!-- Pac1.Testng_lab3 -->
    </test> <!-- Default test -->
  </suite> <!-- Default suite -->
</testng-results>
